<?xml version="1.0" encoding="UTF-8"?>
<testsuite name="practical1.NumberToolsTest" tests="2" skipped="0" failures="0" errors="0" timestamp="2023-09-26T14:08:38" hostname="DESKTOP-POE3AFB" time="0.03">
  <properties/>
  <testcase name="testParse" classname="practical1.NumberToolsTest" time="0.011"/>
  <testcase name="testComputeStatistic" classname="practical1.NumberToolsTest" time="0.019"/>
  <system-out><![CDATA[]]></system-out>
  <system-err><![CDATA[]]></system-err>
</testsuite>
